<?xml version="1.0" encoding="UTF-8"?>
<!-- Generated by org.testng.reporters.JUnitReportReporter -->
<testsuite skipped="0" hostname="BLT1223" name="testNGdemo.DependsOnGroup" tests="1" failures="0" timestamp="19 Feb 2020 12:05:24 GMT" time="0.024" errors="0">
  <testcase name="testcase1" time="0.024" classname="testNGdemo.DependsOnGroup"/>
</testsuite> <!-- testNGdemo.DependsOnGroup -->
