<?xml version="1.0" encoding="UTF-8"?>
<!-- Generated by org.testng.reporters.JUnitReportReporter -->
<testsuite hostname="BLT1223" name="testNGdemo.ParallelTestCase" tests="3" failures="0" timestamp="17 Feb 2020 09:17:11 GMT" time="0.028" errors="0">
  <testcase name="testcase1" time="0.026" classname="testNGdemo.ParallelTestCase"/>
  <testcase name="testcase2" time="0.001" classname="testNGdemo.ParallelTestCase"/>
  <testcase name="testcase3" time="0.001" classname="testNGdemo.ParallelTestCase"/>
</testsuite> <!-- testNGdemo.ParallelTestCase -->
