<?xml version="1.0" encoding="UTF-8"?>
<!-- Generated by org.testng.reporters.JUnitReportReporter -->
<testsuite skipped="0" hostname="BLT1223" name="testNGdemo.WindowsHandling" tests="1" failures="0" timestamp="19 Feb 2020 11:08:44 GMT" time="38.187" errors="0">
  <testcase name="IrctcLogin" time="38.187" classname="testNGdemo.WindowsHandling"/>
</testsuite> <!-- testNGdemo.WindowsHandling -->
