<?xml version="1.0" encoding="UTF-8"?>
<!-- Generated by org.testng.reporters.JUnitReportReporter -->
<testsuite skipped="0" hostname="BLT1223" name="testNGdemo.XlLogin" tests="1" failures="0" timestamp="18 Feb 2020 08:53:52 GMT" time="133.676" errors="0">
  <testcase name="excel" time="133.676" classname="testNGdemo.XlLogin"/>
</testsuite> <!-- testNGdemo.XlLogin -->
