<?xml version="1.0" encoding="UTF-8"?>
<!-- Generated by org.testng.reporters.JUnitReportReporter -->
<testsuite skipped="0" hostname="BLT1223" name="testNGdemo.ScrollByPage" tests="1" failures="0" timestamp="21 Feb 2020 06:11:38 GMT" time="39.632" errors="0">
  <testcase name="ByPage" time="39.632" classname="testNGdemo.ScrollByPage"/>
</testsuite> <!-- testNGdemo.ScrollByPage -->
