<?xml version="1.0" encoding="UTF-8"?>
<!-- Generated by org.testng.reporters.JUnitReportReporter -->
<testsuite hostname="BLT1223" name="testNGdemo.ParallelTestCase1" tests="3" failures="0" timestamp="17 Feb 2020 08:44:41 GMT" time="0.035" errors="0">
  <testcase name="testcase5" time="0.001" classname="testNGdemo.ParallelTestCase1"/>
  <testcase name="testcase4" time="0.033" classname="testNGdemo.ParallelTestCase1"/>
  <testcase name="testcase6" time="0.001" classname="testNGdemo.ParallelTestCase1"/>
</testsuite> <!-- testNGdemo.ParallelTestCase1 -->
