<?xml version="1.0" encoding="UTF-8"?>
<!-- Generated by org.testng.reporters.JUnitReportReporter -->
<testsuite hostname="BLT1223" name="testNGdemo.SampleTestCase" tests="1" failures="0" timestamp="17 Feb 2020 07:45:53 GMT" time="0.027" errors="0">
  <testcase name="f" time="0.027" classname="testNGdemo.SampleTestCase"/>
</testsuite> <!-- testNGdemo.SampleTestCase -->
