<?xml version="1.0" encoding="UTF-8"?>
<!-- Generated by org.testng.reporters.JUnitReportReporter -->
<testsuite skipped="0" hostname="BLT1223" name="testNGdemo.Keyboard" tests="1" failures="0" timestamp="20 Feb 2020 08:12:22 GMT" time="60.531" errors="0">
  <testcase name="key" time="60.531" classname="testNGdemo.Keyboard"/>
</testsuite> <!-- testNGdemo.Keyboard -->
