<?xml version="1.0" encoding="UTF-8"?>
<!-- Generated by org.testng.reporters.JUnitReportReporter -->
<testsuite skipped="1" hostname="BLT1223" name="grid.Testcase_execution" tests="2" failures="0" timestamp="3 Mar 2020 09:20:54 GMT" time="0.002" errors="1">
  <testcase name="setup" time="0.000" classname="grid.Testcase_execution">
    <error type="org.openqa.selenium.UnsupportedCommandException" message="&lt;!DOCTYPE html&gt;
&lt;html lang=&quot;en&quot;&gt;
&lt;head&gt;
  &lt;meta charset=&quot;UTF-8&quot;&gt;
  &lt;link rel=&quot;stylesheet&quot; type=&quot;text/css&quot; href=&quot;/assets/displayhelpservlet.css&quot; media=&quot;all&quot;/&gt;
  &lt;link href=&quot;/assets/favicon.ico&quot; rel=&quot;icon&quot; type=&quot;image/x-icon&quot; /&gt;
  &lt;script src=&quot;/assets/jquery-3.1.1.min.js&quot; type=&quot;text/javascript&quot;&gt;&lt;/script&gt;
  &lt;script src=&quot;/assets/displayhelpservlet.js&quot; type=&quot;text/javascript&quot;&gt;&lt;/script&gt;
  &lt;script type=&quot;text/javascript&quot;&gt;
    var json = Object.freeze(&#039;{&quot;consoleLink&quot;: &quot;\u002fwd\u002fhub&quot;,&quot;type&quot;: &quot;Grid Node&quot;,&quot;class&quot;: &quot;org.openqa.grid.web.servlet.DisplayHelpHandler$DisplayHelpServletConfig&quot;,&quot;version&quot;: &quot;3.141.59&quot;}&#039;);
  &lt;/script&gt;
&lt;/head&gt;
&lt;body&gt;

&lt;div id=&quot;content&quot;&gt;
  &lt;div id=&quot;help-heading&quot;&gt;
    &lt;h1&gt;&lt;span id=&quot;logo&quot;&gt;&lt;/span&gt;&lt;/h1&gt;
    &lt;h2&gt;Selenium &lt;span class=&quot;se-type&quot;&gt;&lt;/span&gt;&amp;nbsp;v.&lt;span class=&quot;se-version&quot;&gt;&lt;/span&gt;&lt;/h2&gt;
  &lt;/div&gt;

  &lt;div id=&quot;content-body&quot;&gt;
    &lt;p&gt;
      Whoops! The URL specified routes to this help page.
    &lt;/p&gt;
    &lt;p&gt;
      For more information about Selenium &lt;span class=&quot;se-type&quot;&gt;&lt;/span&gt; please see the
      &lt;a class=&quot;se-docs&quot;&gt;docs&lt;/a&gt; and/or visit the &lt;a class=&quot;se-wiki&quot;&gt;wiki&lt;/a&gt;.
      &lt;span id=&quot;console-item&quot;&gt;
        Or perhaps you are looking for the Selenium &lt;span class=&quot;se-type&quot;&gt;&lt;/span&gt; &lt;a class=&quot;se-console&quot;&gt;console&lt;/a&gt;.
      &lt;/span&gt;
    &lt;/p&gt;
    &lt;p&gt;
      Happy Testing!
    &lt;/p&gt;
  &lt;/div&gt;

  &lt;div&gt;
    &lt;footer id=&quot;help-footer&quot;&gt;
      Selenium is made possible through the efforts of our open source community, contributions from
      these &lt;a href=&quot;https://github.com/SeleniumHQ/selenium/blob/master/AUTHORS&quot;&gt;people&lt;/a&gt;, and our
      &lt;a href=&quot;http://www.seleniumhq.org/sponsors/&quot;&gt;sponsors&lt;/a&gt;.
   &lt;/footer&gt;
  &lt;/div&gt;
 &lt;/div&gt;

&lt;/body&gt;
&lt;/html&gt;
Command duration or timeout: 408 milliseconds
Build info: version: &#039;2.52.0&#039;, revision: &#039;4c2593cfc3689a7fcd7be52549167e5ccc93ad28&#039;, time: &#039;2016-02-11 11:22:43&#039;
System info: host: &#039;BLT1223&#039;, ip: &#039;192.168.1.223&#039;, os.name: &#039;Windows 7&#039;, os.arch: &#039;amd64&#039;, os.version: &#039;6.1&#039;, java.version: &#039;1.8.0_221&#039;
Driver info: org.openqa.selenium.remote.RemoteWebDriver">
      <![CDATA[org.openqa.selenium.UnsupportedCommandException: <!DOCTYPE html>
<html lang="en">
<head>
  <meta charset="UTF-8">
  <link rel="stylesheet" type="text/css" href="/assets/displayhelpservlet.css" media="all"/>
  <link href="/assets/favicon.ico" rel="icon" type="image/x-icon" />
  <script src="/assets/jquery-3.1.1.min.js" type="text/javascript"></script>
  <script src="/assets/displayhelpservlet.js" type="text/javascript"></script>
  <script type="text/javascript">
    var json = Object.freeze('{"consoleLink": "\u002fwd\u002fhub","type": "Grid Node","class": "org.openqa.grid.web.servlet.DisplayHelpHandler$DisplayHelpServletConfig","version": "3.141.59"}');
  </script>
</head>
<body>

<div id="content">
  <div id="help-heading">
    <h1><span id="logo"></span></h1>
    <h2>Selenium <span class="se-type"></span>&nbsp;v.<span class="se-version"></span></h2>
  </div>

  <div id="content-body">
    <p>
      Whoops! The URL specified routes to this help page.
    </p>
    <p>
      For more information about Selenium <span class="se-type"></span> please see the
      <a class="se-docs">docs</a> and/or visit the <a class="se-wiki">wiki</a>.
      <span id="console-item">
        Or perhaps you are looking for the Selenium <span class="se-type"></span> <a class="se-console">console</a>.
      </span>
    </p>
    <p>
      Happy Testing!
    </p>
  </div>

  <div>
    <footer id="help-footer">
      Selenium is made possible through the efforts of our open source community, contributions from
      these <a href="https://github.com/SeleniumHQ/selenium/blob/master/AUTHORS">people</a>, and our
      <a href="http://www.seleniumhq.org/sponsors/">sponsors</a>.
   </footer>
  </div>
 </div>

</body>
</html>
Command duration or timeout: 408 milliseconds
Build info: version: '2.52.0', revision: '4c2593cfc3689a7fcd7be52549167e5ccc93ad28', time: '2016-02-11 11:22:43'
System info: host: 'BLT1223', ip: '192.168.1.223', os.name: 'Windows 7', os.arch: 'amd64', os.version: '6.1', java.version: '1.8.0_221'
Driver info: org.openqa.selenium.remote.RemoteWebDriver
	at sun.reflect.NativeConstructorAccessorImpl.newInstance0(Native Method)
	at sun.reflect.NativeConstructorAccessorImpl.newInstance(Unknown Source)
	at sun.reflect.DelegatingConstructorAccessorImpl.newInstance(Unknown Source)
	at java.lang.reflect.Constructor.newInstance(Unknown Source)
	at org.openqa.selenium.remote.ErrorHandler.createThrowable(ErrorHandler.java:206)
	at org.openqa.selenium.remote.ErrorHandler.throwIfResponseFailed(ErrorHandler.java:158)
	at org.openqa.selenium.remote.RemoteWebDriver.execute(RemoteWebDriver.java:678)
	at org.openqa.selenium.remote.RemoteWebDriver.startSession(RemoteWebDriver.java:249)
	at org.openqa.selenium.remote.RemoteWebDriver.<init>(RemoteWebDriver.java:131)
	at org.openqa.selenium.remote.RemoteWebDriver.<init>(RemoteWebDriver.java:158)
	at grid.Testcase_execution.setup(Testcase_execution.java:26)
	at sun.reflect.NativeMethodAccessorImpl.invoke0(Native Method)
	at sun.reflect.NativeMethodAccessorImpl.invoke(Unknown Source)
	at sun.reflect.DelegatingMethodAccessorImpl.invoke(Unknown Source)
	at java.lang.reflect.Method.invoke(Unknown Source)
	at org.testng.internal.MethodInvocationHelper.invokeMethod(MethodInvocationHelper.java:100)
	at org.testng.internal.Invoker.invokeConfigurationMethod(Invoker.java:515)
	at org.testng.internal.Invoker.invokeConfigurations(Invoker.java:216)
	at org.testng.internal.Invoker.invokeConfigurations(Invoker.java:143)
	at org.testng.TestRunner.beforeRun(TestRunner.java:631)
	at org.testng.TestRunner.run(TestRunner.java:599)
	at org.testng.SuiteRunner.runTest(SuiteRunner.java:368)
	at org.testng.SuiteRunner.runSequentially(SuiteRunner.java:363)
	at org.testng.SuiteRunner.privateRun(SuiteRunner.java:321)
	at org.testng.SuiteRunner.run(SuiteRunner.java:270)
	at org.testng.SuiteRunnerWorker.runSuite(SuiteRunnerWorker.java:52)
	at org.testng.SuiteRunnerWorker.run(SuiteRunnerWorker.java:86)
	at org.testng.TestNG.runSuitesSequentially(TestNG.java:1284)
	at org.testng.TestNG.runSuitesLocally(TestNG.java:1209)
	at org.testng.TestNG.runSuites(TestNG.java:1124)
	at org.testng.TestNG.run(TestNG.java:1096)
	at org.testng.remote.AbstractRemoteTestNG.run(AbstractRemoteTestNG.java:132)
	at org.testng.remote.RemoteTestNG.initAndRun(RemoteTestNG.java:236)
	at org.testng.remote.RemoteTestNG.main(RemoteTestNG.java:81)
]]>
    </error>
  </testcase> <!-- setup -->
  <testcase name="simpletest" time="0.002" classname="grid.Testcase_execution">
    <skipped/>
  </testcase> <!-- simpletest -->
</testsuite> <!-- grid.Testcase_execution -->
