<?xml version="1.0" encoding="UTF-8"?>
<!-- Generated by org.testng.reporters.JUnitReportReporter -->
<testsuite hostname="BLT1223" name="testNGdemo.NewTest" tests="3" failures="0" timestamp="17 Feb 2020 07:46:05 GMT" time="0.017" errors="0">
  <testcase name="testcase1" time="0.014" classname="testNGdemo.NewTest"/>
  <testcase name="testcase3" time="0.001" classname="testNGdemo.NewTest"/>
  <testcase name="testcase2" time="0.002" classname="testNGdemo.NewTest"/>
</testsuite> <!-- testNGdemo.NewTest -->
