<?xml version="1.0" encoding="UTF-8"?>
<!-- Generated by org.testng.reporters.JUnitReportReporter -->
<testsuite skipped="0" hostname="BLT1223" name="testNGdemo.HeadlessBrowsers" tests="1" failures="0" timestamp="19 Feb 2020 05:43:44 GMT" time="5.435" errors="0">
  <testcase name="login" time="5.435" classname="testNGdemo.HeadlessBrowsers"/>
</testsuite> <!-- testNGdemo.HeadlessBrowsers -->
